{"/Users/lute/workspace/LAP2/coding_challenge/story-project/server/Controllers/Story.js": {"path":"/Users/lute/workspace/LAP2/coding_challenge/story-project/server/Controllers/Story.js","statementMap":{"0":{"start":{"line":1,"column":19},"end":{"line":1,"column":45}},"1":{"start":{"line":3,"column":19},"end":{"line":11,"column":1}},"2":{"start":{"line":4,"column":18},"end":{"line":4,"column":26}},"3":{"start":{"line":5,"column":1},"end":{"line":10,"column":2}},"4":{"start":{"line":6,"column":18},"end":{"line":6,"column":59}},"5":{"start":{"line":7,"column":2},"end":{"line":7,"column":44}},"6":{"start":{"line":9,"column":2},"end":{"line":9,"column":47}},"7":{"start":{"line":13,"column":20},"end":{"line":20,"column":1}},"8":{"start":{"line":14,"column":1},"end":{"line":19,"column":2}},"9":{"start":{"line":15,"column":19},"end":{"line":15,"column":52}},"10":{"start":{"line":16,"column":2},"end":{"line":16,"column":45}},"11":{"start":{"line":18,"column":2},"end":{"line":18,"column":47}},"12":{"start":{"line":49,"column":0},"end":{"line":49,"column":45}}},"fnMap":{"0":{"name":"(anonymous_0)","decl":{"start":{"line":3,"column":19},"end":{"line":3,"column":20}},"loc":{"start":{"line":3,"column":39},"end":{"line":11,"column":1}},"line":3},"1":{"name":"(anonymous_1)","decl":{"start":{"line":13,"column":20},"end":{"line":13,"column":21}},"loc":{"start":{"line":13,"column":40},"end":{"line":20,"column":1}},"line":13}},"branchMap":{},"s":{"0":1,"1":1,"2":0,"3":0,"4":0,"5":0,"6":0,"7":1,"8":0,"9":0,"10":0,"11":0,"12":1},"f":{"0":0,"1":0},"b":{},"_coverageSchema":"1a1c01bbd47fc00a2c39e90264f33305004495a9","hash":"51df30bcd3eb8cb21a7ec9999b6eda9e8904b7b7"}
,"/Users/lute/workspace/LAP2/coding_challenge/story-project/server/Controllers/User.js": {"path":"/Users/lute/workspace/LAP2/coding_challenge/story-project/server/Controllers/User.js","statementMap":{"0":{"start":{"line":1,"column":18},"end":{"line":1,"column":43}},"1":{"start":{"line":2,"column":15},"end":{"line":2,"column":34}},"2":{"start":{"line":3,"column":12},"end":{"line":3,"column":35}},"3":{"start":{"line":5,"column":17},"end":{"line":12,"column":1}},"4":{"start":{"line":6,"column":1},"end":{"line":11,"column":2}},"5":{"start":{"line":7,"column":16},"end":{"line":7,"column":40}},"6":{"start":{"line":8,"column":2},"end":{"line":8,"column":42}},"7":{"start":{"line":10,"column":2},"end":{"line":10,"column":47}},"8":{"start":{"line":14,"column":19},"end":{"line":28,"column":1}},"9":{"start":{"line":15,"column":1},"end":{"line":27,"column":2}},"10":{"start":{"line":17,"column":15},"end":{"line":17,"column":37}},"11":{"start":{"line":18,"column":25},"end":{"line":18,"column":67}},"12":{"start":{"line":20,"column":18},"end":{"line":23,"column":4}},"13":{"start":{"line":24,"column":2},"end":{"line":24,"column":44}},"14":{"start":{"line":26,"column":2},"end":{"line":26,"column":47}},"15":{"start":{"line":30,"column":18},"end":{"line":50,"column":1}},"16":{"start":{"line":31,"column":32},"end":{"line":31,"column":40}},"17":{"start":{"line":33,"column":14},"end":{"line":33,"column":48}},"18":{"start":{"line":34,"column":1},"end":{"line":36,"column":2}},"19":{"start":{"line":35,"column":2},"end":{"line":35,"column":50}},"20":{"start":{"line":37,"column":1},"end":{"line":49,"column":2}},"21":{"start":{"line":39,"column":2},"end":{"line":46,"column":3}},"22":{"start":{"line":41,"column":16},"end":{"line":41,"column":34}},"23":{"start":{"line":42,"column":23},"end":{"line":42,"column":70}},"24":{"start":{"line":43,"column":3},"end":{"line":43,"column":54}},"25":{"start":{"line":45,"column":3},"end":{"line":45,"column":65}},"26":{"start":{"line":48,"column":2},"end":{"line":48,"column":47}},"27":{"start":{"line":52,"column":0},"end":{"line":52,"column":53}}},"fnMap":{"0":{"name":"(anonymous_0)","decl":{"start":{"line":5,"column":17},"end":{"line":5,"column":18}},"loc":{"start":{"line":5,"column":37},"end":{"line":12,"column":1}},"line":5},"1":{"name":"(anonymous_1)","decl":{"start":{"line":14,"column":19},"end":{"line":14,"column":20}},"loc":{"start":{"line":14,"column":39},"end":{"line":28,"column":1}},"line":14},"2":{"name":"(anonymous_2)","decl":{"start":{"line":30,"column":18},"end":{"line":30,"column":19}},"loc":{"start":{"line":30,"column":38},"end":{"line":50,"column":1}},"line":30}},"branchMap":{"0":{"loc":{"start":{"line":34,"column":1},"end":{"line":36,"column":2}},"type":"if","locations":[{"start":{"line":34,"column":1},"end":{"line":36,"column":2}},{"start":{},"end":{}}],"line":34},"1":{"loc":{"start":{"line":39,"column":2},"end":{"line":46,"column":3}},"type":"if","locations":[{"start":{"line":39,"column":2},"end":{"line":46,"column":3}},{"start":{"line":44,"column":9},"end":{"line":46,"column":3}}],"line":39}},"s":{"0":2,"1":2,"2":2,"3":2,"4":0,"5":0,"6":0,"7":0,"8":2,"9":0,"10":0,"11":0,"12":0,"13":0,"14":0,"15":2,"16":0,"17":0,"18":0,"19":0,"20":0,"21":0,"22":0,"23":0,"24":0,"25":0,"26":0,"27":2},"f":{"0":0,"1":0,"2":0},"b":{"0":[0,0],"1":[0,0]},"_coverageSchema":"1a1c01bbd47fc00a2c39e90264f33305004495a9","hash":"744104894ea010147a2cb235aeb1680a1f404edb"}
,"/Users/lute/workspace/LAP2/coding_challenge/story-project/server/Routes/Story.js": {"path":"/Users/lute/workspace/LAP2/coding_challenge/story-project/server/Routes/Story.js","statementMap":{"0":{"start":{"line":1,"column":16},"end":{"line":1,"column":34}},"1":{"start":{"line":2,"column":15},"end":{"line":2,"column":31}},"2":{"start":{"line":3,"column":36},"end":{"line":3,"column":67}},"3":{"start":{"line":5,"column":0},"end":{"line":5,"column":52}},"4":{"start":{"line":7,"column":0},"end":{"line":7,"column":24}}},"fnMap":{},"branchMap":{},"s":{"0":1,"1":1,"2":1,"3":1,"4":1},"f":{},"b":{},"_coverageSchema":"1a1c01bbd47fc00a2c39e90264f33305004495a9","hash":"6cf56496fbd931a29484d568dc5c5605142b21a2"}
,"/Users/lute/workspace/LAP2/coding_challenge/story-project/server/Routes/User.js": {"path":"/Users/lute/workspace/LAP2/coding_challenge/story-project/server/Routes/User.js","statementMap":{"0":{"start":{"line":1,"column":16},"end":{"line":1,"column":34}},"1":{"start":{"line":2,"column":15},"end":{"line":2,"column":31}},"2":{"start":{"line":3,"column":44},"end":{"line":3,"column":74}},"3":{"start":{"line":5,"column":0},"end":{"line":5,"column":49}},"4":{"start":{"line":6,"column":0},"end":{"line":6,"column":39}},"5":{"start":{"line":8,"column":0},"end":{"line":8,"column":24}}},"fnMap":{},"branchMap":{},"s":{"0":2,"1":2,"2":2,"3":2,"4":2,"5":2},"f":{},"b":{},"_coverageSchema":"1a1c01bbd47fc00a2c39e90264f33305004495a9","hash":"50fd6e8ab61a9abaaa2426f4c016738e454b9219"}
,"/Users/lute/workspace/LAP2/coding_challenge/story-project/server/Schema/Story.js": {"path":"/Users/lute/workspace/LAP2/coding_challenge/story-project/server/Schema/Story.js","statementMap":{"0":{"start":{"line":1,"column":17},"end":{"line":1,"column":36}},"1":{"start":{"line":3,"column":20},"end":{"line":8,"column":2}},"2":{"start":{"line":10,"column":19},"end":{"line":10,"column":55}},"3":{"start":{"line":11,"column":0},"end":{"line":11,"column":28}}},"fnMap":{},"branchMap":{},"s":{"0":2,"1":2,"2":2,"3":2},"f":{},"b":{},"_coverageSchema":"1a1c01bbd47fc00a2c39e90264f33305004495a9","hash":"ce394ea9d1c21201c38ffe1b8b0e870ebb332b4c"}
,"/Users/lute/workspace/LAP2/coding_challenge/story-project/server/Schema/User.js": {"path":"/Users/lute/workspace/LAP2/coding_challenge/story-project/server/Schema/User.js","statementMap":{"0":{"start":{"line":1,"column":17},"end":{"line":1,"column":36}},"1":{"start":{"line":3,"column":19},"end":{"line":6,"column":2}},"2":{"start":{"line":8,"column":18},"end":{"line":8,"column":52}},"3":{"start":{"line":9,"column":0},"end":{"line":9,"column":27}}},"fnMap":{},"branchMap":{},"s":{"0":2,"1":2,"2":2,"3":2},"f":{},"b":{},"_coverageSchema":"1a1c01bbd47fc00a2c39e90264f33305004495a9","hash":"9b885eac7639f9673e6608f64bd52b05015a7eae"}
}
